0 info it worked if it ends with ok
1 verbose cli [ 'node', '/usr/local/bin/npm', 'install', 'mongodb-ext' ]
2 info using npm@2.6.1
3 info using node@v0.10.21
4 silly cache add args [ 'mongodb-ext', null ]
5 verbose cache add spec mongodb-ext
6 silly cache add parsed spec { raw: 'mongodb-ext',
6 silly cache add   scope: null,
6 silly cache add   name: 'mongodb-ext',
6 silly cache add   rawSpec: '',
6 silly cache add   spec: '*',
6 silly cache add   type: 'range' }
7 verbose addNamed mongodb-ext@*
8 silly addNamed semver.valid null
9 silly addNamed semver.validRange *
10 silly addNameRange { name: 'mongodb-ext', range: '*', hasData: false }
11 silly mapToRegistry name mongodb-ext
12 silly mapToRegistry using default registry
13 silly mapToRegistry registry https://registry.npmjs.org/
14 silly mapToRegistry uri https://registry.npmjs.org/mongodb-ext
15 verbose addNameRange registry:https://registry.npmjs.org/mongodb-ext not in flight; fetching
16 verbose request uri https://registry.npmjs.org/mongodb-ext
17 verbose request no auth needed
18 info attempt registry request try #1 at 04:32:22
19 verbose request id ab7fc2bcbaa64726
20 http request GET https://registry.npmjs.org/mongodb-ext
21 http 404 https://registry.npmjs.org/mongodb-ext
22 verbose headers { date: 'Thu, 02 Apr 2015 04:32:23 GMT',
22 verbose headers   server: 'CouchDB/1.5.0 (Erlang OTP/R16B03)',
22 verbose headers   'content-type': 'application/json',
22 verbose headers   'cache-control': 'max-age=0',
22 verbose headers   'content-length': '51',
22 verbose headers   'accept-ranges': 'bytes',
22 verbose headers   via: '1.1 varnish',
22 verbose headers   age: '0',
22 verbose headers   'x-served-by': 'cache-lax1421-LAX',
22 verbose headers   'x-cache': 'MISS',
22 verbose headers   'x-cache-hits': '0',
22 verbose headers   'x-timer': 'S1427949143.064526,VS0,VE312',
22 verbose headers   'keep-alive': 'timeout=10, max=50',
22 verbose headers   connection: 'Keep-Alive' }
23 silly get cb [ 404,
23 silly get   { date: 'Thu, 02 Apr 2015 04:32:23 GMT',
23 silly get     server: 'CouchDB/1.5.0 (Erlang OTP/R16B03)',
23 silly get     'content-type': 'application/json',
23 silly get     'cache-control': 'max-age=0',
23 silly get     'content-length': '51',
23 silly get     'accept-ranges': 'bytes',
23 silly get     via: '1.1 varnish',
23 silly get     age: '0',
23 silly get     'x-served-by': 'cache-lax1421-LAX',
23 silly get     'x-cache': 'MISS',
23 silly get     'x-cache-hits': '0',
23 silly get     'x-timer': 'S1427949143.064526,VS0,VE312',
23 silly get     'keep-alive': 'timeout=10, max=50',
23 silly get     connection: 'Keep-Alive' } ]
24 verbose stack Error: 404 Not Found: mongodb-ext
24 verbose stack     at CachingRegistryClient.<anonymous> (/usr/local/lib/node_modules/npm/node_modules/npm-registry-client/lib/request.js:251:14)
24 verbose stack     at Request._callback (/usr/local/lib/node_modules/npm/node_modules/npm-registry-client/lib/request.js:178:14)
24 verbose stack     at Request.self.callback (/usr/local/lib/node_modules/npm/node_modules/request/request.js:344:22)
24 verbose stack     at Request.EventEmitter.emit (events.js:98:17)
24 verbose stack     at Request.<anonymous> (/usr/local/lib/node_modules/npm/node_modules/request/request.js:1239:14)
24 verbose stack     at Request.EventEmitter.emit (events.js:117:20)
24 verbose stack     at IncomingMessage.<anonymous> (/usr/local/lib/node_modules/npm/node_modules/request/request.js:1187:12)
24 verbose stack     at IncomingMessage.EventEmitter.emit (events.js:117:20)
24 verbose stack     at _stream_readable.js:920:16
24 verbose stack     at process._tickCallback (node.js:415:13)
25 verbose statusCode 404
26 verbose pkgid mongodb-ext
27 verbose cwd /home/ec2-user/CS360/BYU-Classifieds
28 error Linux 3.14.27-25.47.amzn1.x86_64
29 error argv "node" "/usr/local/bin/npm" "install" "mongodb-ext"
30 error node v0.10.21
31 error npm  v2.6.1
32 error code E404
33 error 404 Not Found: mongodb-ext
33 error 404
33 error 404 'mongodb-ext' is not in the npm registry.
33 error 404 You should bug the author to publish it (or use the name yourself!)
33 error 404
33 error 404 Note that you can also install from a
33 error 404 tarball, folder, http url, or git url.
34 verbose exit [ 1, true ]
